Using pre-set license
Built from '2020.3/staging' branch; Version is '2020.3.14f1 (d0d1bb862f9d) revision 13685179'; Using compiler version '192528614'; Build Type 'Release'
OS: 'Windows 10 Home; OS build 19042.1288; Version 2009; 64bit' Language: 'en' Physical Memory: 16111 MB
BatchMode: 1, IsHumanControllingUs: 0, StartBugReporterOnCrash: 0, Is64bit: 1, IsPro: 0

 COMMAND LINE ARGUMENTS:
C:\Program Files\Unity\Hub\Editor\2020.3.14f1\Editor\Unity.exe
-adb2
-batchMode
-noUpm
-name
AssetImportWorker0
-projectPath
C:/Users/ambri/Documents/GitHub/panda-bounce
-logFile
Logs/AssetImportWorker0.log
-srvPort
54965
Successfully changed project path to: C:/Users/ambri/Documents/GitHub/panda-bounce
C:/Users/ambri/Documents/GitHub/panda-bounce
Using Asset Import Pipeline V2.
Refreshing native plugins compatible for Editor in 59.97 ms, found 3 plugins.
Preloading 0 native plugins for Editor in 0.00 ms.
Initialize engine version: 2020.3.14f1 (d0d1bb862f9d)
[Subsystems] Discovering subsystems at path C:/Program Files/Unity/Hub/Editor/2020.3.14f1/Editor/Data/Resources/UnitySubsystems
[Subsystems] Discovering subsystems at path C:/Users/ambri/Documents/GitHub/panda-bounce/Assets
GfxDevice: creating device client; threaded=0
Direct3D:
    Version:  Direct3D 11.0 [level 11.1]
    Renderer: NVIDIA GeForce GTX 1650 (ID=0x1f91)
    Vendor:   
    VRAM:     3964 MB
    Driver:   27.21.14.6231
Initialize mono
Mono path[0] = 'C:/Program Files/Unity/Hub/Editor/2020.3.14f1/Editor/Data/Managed'
Mono path[1] = 'C:/Program Files/Unity/Hub/Editor/2020.3.14f1/Editor/Data/MonoBleedingEdge/lib/mono/unityjit'
Mono config path = 'C:/Program Files/Unity/Hub/Editor/2020.3.14f1/Editor/Data/MonoBleedingEdge/etc'
Using monoOptions --debugger-agent=transport=dt_socket,embedding=1,server=y,suspend=n,address=127.0.0.1:56652
Begin MonoManager ReloadAssembly
Registering precompiled unity dll's ...
Register platform support module: C:/Program Files/Unity/Hub/Editor/2020.3.14f1/Editor/Data/PlaybackEngines/WindowsStandaloneSupport/UnityEditor.WindowsStandalone.Extensions.dll
Registered in 0.003341 seconds.
Native extension for WindowsStandalone target not found
Refreshing native plugins compatible for Editor in 65.12 ms, found 3 plugins.
Preloading 0 native plugins for Editor in 0.00 ms.
Mono: successfully reloaded assembly
- Completed reload, in  2.682 seconds
Domain Reload Profiling:
	ReloadAssembly (2682ms)
		BeginReloadAssembly (72ms)
			ExecutionOrderSort (0ms)
			DisableScriptedObjects (0ms)
			BackupInstance (0ms)
			ReleaseScriptingObjects (0ms)
			CreateAndSetChildDomain (1ms)
		EndReloadAssembly (595ms)
			LoadAssemblies (69ms)
			RebuildTransferFunctionScriptingTraits (0ms)
			SetupTypeCache (214ms)
			ReleaseScriptCaches (0ms)
			RebuildScriptCaches (36ms)
			SetupLoadedEditorAssemblies (245ms)
				LogAssemblyErrors (0ms)
				InitializePlatformSupportModulesInManaged (5ms)
				SetLoadedEditorAssemblies (0ms)
				RefreshPlugins (65ms)
				BeforeProcessingInitializeOnLoad (18ms)
				ProcessInitializeOnLoadAttributes (119ms)
				ProcessInitializeOnLoadMethodAttributes (38ms)
				AfterProcessingInitializeOnLoad (0ms)
				EditorAssembliesLoaded (0ms)
			ExecutionOrderSort2 (0ms)
			AwakeInstancesAfterBackupRestoration (0ms)
Platform modules already initialized, skipping
Registering precompiled user dll's ...
Registered in 0.008470 seconds.
Begin MonoManager ReloadAssembly
Native extension for WindowsStandalone target not found
Refreshing native plugins compatible for Editor in 51.46 ms, found 3 plugins.
Preloading 0 native plugins for Editor in 0.00 ms.
Mono: successfully reloaded assembly
- Completed reload, in  1.429 seconds
Domain Reload Profiling:
	ReloadAssembly (1430ms)
		BeginReloadAssembly (216ms)
			ExecutionOrderSort (0ms)
			DisableScriptedObjects (7ms)
			BackupInstance (0ms)
			ReleaseScriptingObjects (0ms)
			CreateAndSetChildDomain (19ms)
		EndReloadAssembly (1135ms)
			LoadAssemblies (109ms)
			RebuildTransferFunctionScriptingTraits (0ms)
			SetupTypeCache (362ms)
			ReleaseScriptCaches (0ms)
			RebuildScriptCaches (64ms)
			SetupLoadedEditorAssemblies (443ms)
				LogAssemblyErrors (0ms)
				InitializePlatformSupportModulesInManaged (4ms)
				SetLoadedEditorAssemblies (0ms)
				RefreshPlugins (52ms)
				BeforeProcessingInitializeOnLoad (90ms)
				ProcessInitializeOnLoadAttributes (269ms)
				ProcessInitializeOnLoadMethodAttributes (18ms)
				AfterProcessingInitializeOnLoad (10ms)
				EditorAssembliesLoaded (0ms)
			ExecutionOrderSort2 (0ms)
			AwakeInstancesAfterBackupRestoration (9ms)
Platform modules already initialized, skipping
========================================================================
Worker process is ready to serve import requests
Launched and connected shader compiler UnityShaderCompiler.exe after 0.05 seconds
Refreshing native plugins compatible for Editor in 0.44 ms, found 3 plugins.
Preloading 0 native plugins for Editor in 0.00 ms.
Unloading 2209 Unused Serialized files (Serialized files now loaded: 0)
System memory in use before: 98.0 MB.
System memory in use after: 98.1 MB.

Unloading 28 unused Assets to reduce memory usage. Loaded Objects now: 2643.
Total: 2.578600 ms (FindLiveObjects: 0.202000 ms CreateObjectMapping: 0.085000 ms MarkObjects: 2.218500 ms  DeleteObjects: 0.072100 ms)

AssetImportParameters requested are different than current active one (requested -> active):
  custom:framework-win-MediaFoundation: 216162199b28c13a410421893ffa2e32 -> 
  custom:video-decoder-ogg-theora: a1e56fd34408186e4bbccfd4996cb3dc -> 
  custom:container-muxer-webm: aa71ff27fc2769a1b78a27578f13a17b -> 
  custom:container-demuxer-webm: 4f35f7cbe854078d1ac9338744f61a02 -> 
  custom:container-demuxer-ogg: 62fdf1f143b41e24485cea50d1cbac27 -> 
  custom:video-encoder-webm-vp8: eb34c28f22e8b96e1ab97ce403110664 -> 
  custom:video-codec-MediaFoundation-h265: 746d11721c4dcdbdad8f713fa42b33f4 -> 
  custom:video-decoder-webm-vp8: 9c59270c3fd7afecdb556c50c9e8de78 -> 
  custom:audio-decoder-ogg-vorbis: bf7c407c2cedff20999df2af8eb42d56 -> 
  custom:audio-encoder-webm-vorbis: bf7c407c2cedff20999df2af8eb42d56 -> 
========================================================================
Received Import Request.
  path: Assets/Prefabs/Combo fabs/Combo5.prefab
  artifactKey: Guid(00a62becf98c2164cbefb2e2848b5db3) Importer(815301076,1909f56bfc062723c751e8b465ee728b)
Start importing Assets/Prefabs/Combo fabs/Combo5.prefab using Guid(00a62becf98c2164cbefb2e2848b5db3) Importer(815301076,1909f56bfc062723c751e8b465ee728b)  -> (artifact id: '3b4f8682bf8b43387655ec8911ce7a8f') in 0.127192 seconds 
  Import took 0.130204 seconds .

========================================================================
Received Import Request.
  Time since last request: 404.844214 seconds.
  path: Assets/Prefabs/Combo fabs/Combo6.prefab
  artifactKey: Guid(4df766b9373ce824aba8bc7286644c8f) Importer(815301076,1909f56bfc062723c751e8b465ee728b)
Start importing Assets/Prefabs/Combo fabs/Combo6.prefab using Guid(4df766b9373ce824aba8bc7286644c8f) Importer(815301076,1909f56bfc062723c751e8b465ee728b)  -> (artifact id: '8fe502f8fb0c8bcd2de907c34f44c1f4') in 0.023621 seconds 
  Import took 0.028871 seconds .

========================================================================
Received Import Request.
  Time since last request: 0.000656 seconds.
  path: Assets/Prefabs/Combo fabs/Combo6.prefab
  artifactKey: Guid(4df766b9373ce824aba8bc7286644c8f) Importer(815301076,1909f56bfc062723c751e8b465ee728b)
Start importing Assets/Prefabs/Combo fabs/Combo6.prefab using Guid(4df766b9373ce824aba8bc7286644c8f) Importer(815301076,1909f56bfc062723c751e8b465ee728b)  -> (artifact id: '8fe502f8fb0c8bcd2de907c34f44c1f4') in 0.020778 seconds 
  Import took 0.026457 seconds .

========================================================================
Received Prepare
Registering precompiled user dll's ...
Registered in 0.007172 seconds.
Begin MonoManager ReloadAssembly
Native extension for WindowsStandalone target not found
Refreshing native plugins compatible for Editor in 0.93 ms, found 3 plugins.
Preloading 0 native plugins for Editor in 0.00 ms.
Mono: successfully reloaded assembly
- Completed reload, in  1.289 seconds
Domain Reload Profiling:
	ReloadAssembly (1289ms)
		BeginReloadAssembly (147ms)
			ExecutionOrderSort (0ms)
			DisableScriptedObjects (11ms)
			BackupInstance (0ms)
			ReleaseScriptingObjects (0ms)
			CreateAndSetChildDomain (41ms)
		EndReloadAssembly (1067ms)
			LoadAssemblies (116ms)
			RebuildTransferFunctionScriptingTraits (0ms)
			SetupTypeCache (389ms)
			ReleaseScriptCaches (1ms)
			RebuildScriptCaches (57ms)
			SetupLoadedEditorAssemblies (362ms)
				LogAssemblyErrors (0ms)
				InitializePlatformSupportModulesInManaged (6ms)
				SetLoadedEditorAssemblies (1ms)
				RefreshPlugins (1ms)
				BeforeProcessingInitializeOnLoad (110ms)
				ProcessInitializeOnLoadAttributes (219ms)
				ProcessInitializeOnLoadMethodAttributes (14ms)
				AfterProcessingInitializeOnLoad (11ms)
				EditorAssembliesLoaded (0ms)
			ExecutionOrderSort2 (0ms)
			AwakeInstancesAfterBackupRestoration (11ms)
Platform modules already initialized, skipping
Switching build target platform(19) subTarget(0) extendedPlatform(0) -> platform(13) subTarget(537395200) extendedPlatform(0)
Refreshing native plugins compatible for Editor in 0.59 ms, found 3 plugins.
Preloading 0 native plugins for Editor in 0.00 ms.
Unloading 2189 Unused Serialized files (Serialized files now loaded: 0)
System memory in use before: 99.0 MB.
System memory in use after: 99.1 MB.

Unloading 17 unused Assets to reduce memory usage. Loaded Objects now: 2652.
Total: 3.541500 ms (FindLiveObjects: 0.210200 ms CreateObjectMapping: 0.081800 ms MarkObjects: 3.221300 ms  DeleteObjects: 0.027100 ms)

AssetImportParameters requested are different than current active one (requested -> active):
  custom:framework-win-MediaFoundation: 216162199b28c13a410421893ffa2e32 -> 
  custom:video-decoder-ogg-theora: a1e56fd34408186e4bbccfd4996cb3dc -> 
  custom:container-muxer-webm: aa71ff27fc2769a1b78a27578f13a17b -> 
  custom:container-demuxer-webm: 4f35f7cbe854078d1ac9338744f61a02 -> 
  custom:container-demuxer-ogg: 62fdf1f143b41e24485cea50d1cbac27 -> 
  custom:video-encoder-webm-vp8: eb34c28f22e8b96e1ab97ce403110664 -> 
  custom:video-codec-MediaFoundation-h265: 746d11721c4dcdbdad8f713fa42b33f4 -> 
  custom:video-decoder-webm-vp8: 9c59270c3fd7afecdb556c50c9e8de78 -> 
  custom:graphics/normal-map-encoding: 01000000000000000000000000000000 -> 02000000000000000000000000000000
  custom:audio-decoder-ogg-vorbis: bf7c407c2cedff20999df2af8eb42d56 -> 
  custom:audio-encoder-webm-vorbis: bf7c407c2cedff20999df2af8eb42d56 -> 
========================================================================
Received Import Request.
  Time since last request: 103.320463 seconds.
  path: Assets/Prefabs/Combo fabs/Combo5.prefab
  artifactKey: Guid(00a62becf98c2164cbefb2e2848b5db3) Importer(815301076,1909f56bfc062723c751e8b465ee728b)
Start importing Assets/Prefabs/Combo fabs/Combo5.prefab using Guid(00a62becf98c2164cbefb2e2848b5db3) Importer(815301076,1909f56bfc062723c751e8b465ee728b)  -> (artifact id: 'd6277a9ba297933fd8cf69edd4d96813') in 0.070684 seconds 
  Import took 0.075255 seconds .

========================================================================
Received Import Request.
  Time since last request: 5.570649 seconds.
  path: Assets/Prefabs/Combo fabs/Combo5.prefab
  artifactKey: Guid(00a62becf98c2164cbefb2e2848b5db3) Importer(815301076,1909f56bfc062723c751e8b465ee728b)
Start importing Assets/Prefabs/Combo fabs/Combo5.prefab using Guid(00a62becf98c2164cbefb2e2848b5db3) Importer(815301076,1909f56bfc062723c751e8b465ee728b)  -> (artifact id: '8b10fca94dc20d7c2865fdbed5ee5992') in 0.026499 seconds 
  Import took 0.031956 seconds .

========================================================================
Received Import Request.
  Time since last request: 6.422454 seconds.
  path: Assets/Prefabs/Combo fabs/Combo5.prefab
  artifactKey: Guid(00a62becf98c2164cbefb2e2848b5db3) Importer(815301076,1909f56bfc062723c751e8b465ee728b)
Start importing Assets/Prefabs/Combo fabs/Combo5.prefab using Guid(00a62becf98c2164cbefb2e2848b5db3) Importer(815301076,1909f56bfc062723c751e8b465ee728b)  -> (artifact id: 'f165021e13070eb51f3c653632bdc31d') in 0.019533 seconds 
  Import took 0.024746 seconds .

========================================================================
Received Import Request.
  Time since last request: 30.301032 seconds.
  path: Assets/Prefabs/Combo fabs/Combo1.prefab
  artifactKey: Guid(555c33b471747ef439e6c7c3e2174e17) Importer(815301076,1909f56bfc062723c751e8b465ee728b)
Start importing Assets/Prefabs/Combo fabs/Combo1.prefab using Guid(555c33b471747ef439e6c7c3e2174e17) Importer(815301076,1909f56bfc062723c751e8b465ee728b)  -> (artifact id: 'cf1e749edd122eacfe27f8825556a99a') in 0.021665 seconds 
  Import took 0.026972 seconds .

========================================================================
Received Import Request.
  Time since last request: 48.429338 seconds.
  path: Assets/Prefabs/Combo fabs/Combo1.prefab
  artifactKey: Guid(555c33b471747ef439e6c7c3e2174e17) Importer(815301076,1909f56bfc062723c751e8b465ee728b)
Start importing Assets/Prefabs/Combo fabs/Combo1.prefab using Guid(555c33b471747ef439e6c7c3e2174e17) Importer(815301076,1909f56bfc062723c751e8b465ee728b)  -> (artifact id: 'b4dccc0594e041bcf5d96ad97839003e') in 0.020997 seconds 
  Import took 0.025495 seconds .

========================================================================
Received Import Request.
  Time since last request: 34.213194 seconds.
  path: Assets/Prefabs/Combo fabs/Combo1.prefab
  artifactKey: Guid(555c33b471747ef439e6c7c3e2174e17) Importer(815301076,1909f56bfc062723c751e8b465ee728b)
Start importing Assets/Prefabs/Combo fabs/Combo1.prefab using Guid(555c33b471747ef439e6c7c3e2174e17) Importer(815301076,1909f56bfc062723c751e8b465ee728b)  -> (artifact id: '425c879b03047cdb706b565acfa14c1a') in 0.019770 seconds 
  Import took 0.023936 seconds .

========================================================================
Received Import Request.
  Time since last request: 18.548247 seconds.
  path: Assets/Prefabs/Combo fabs/Combo1.prefab
  artifactKey: Guid(555c33b471747ef439e6c7c3e2174e17) Importer(815301076,1909f56bfc062723c751e8b465ee728b)
Start importing Assets/Prefabs/Combo fabs/Combo1.prefab using Guid(555c33b471747ef439e6c7c3e2174e17) Importer(815301076,1909f56bfc062723c751e8b465ee728b)  -> (artifact id: '50ece8cfcdeb42b0f95cdbd51bf5bc8d') in 0.019675 seconds 
  Import took 0.026361 seconds .

========================================================================
Received Import Request.
  Time since last request: 4.858572 seconds.
  path: Assets/Prefabs/Combo fabs/Combo1.prefab
  artifactKey: Guid(555c33b471747ef439e6c7c3e2174e17) Importer(815301076,1909f56bfc062723c751e8b465ee728b)
Start importing Assets/Prefabs/Combo fabs/Combo1.prefab using Guid(555c33b471747ef439e6c7c3e2174e17) Importer(815301076,1909f56bfc062723c751e8b465ee728b)  -> (artifact id: 'e7c90458f3784535eef5f5424ae72fbb') in 0.022947 seconds 
  Import took 0.028060 seconds .

========================================================================
Received Import Request.
  Time since last request: 1.804866 seconds.
  path: Assets/Prefabs/Combo fabs/Combo1.prefab
  artifactKey: Guid(555c33b471747ef439e6c7c3e2174e17) Importer(815301076,1909f56bfc062723c751e8b465ee728b)
Start importing Assets/Prefabs/Combo fabs/Combo1.prefab using Guid(555c33b471747ef439e6c7c3e2174e17) Importer(815301076,1909f56bfc062723c751e8b465ee728b)  -> (artifact id: '950de0c14d7e6a9b36d404efcf5d9849') in 0.020188 seconds 
  Import took 0.024610 seconds .

========================================================================
Received Import Request.
  Time since last request: 2.369298 seconds.
  path: Assets/Prefabs/Combo fabs/Combo1.prefab
  artifactKey: Guid(555c33b471747ef439e6c7c3e2174e17) Importer(815301076,1909f56bfc062723c751e8b465ee728b)
Start importing Assets/Prefabs/Combo fabs/Combo1.prefab using Guid(555c33b471747ef439e6c7c3e2174e17) Importer(815301076,1909f56bfc062723c751e8b465ee728b)  -> (artifact id: '69901adb135034380d3100b023482cf1') in 0.025409 seconds 
  Import took 0.029818 seconds .

========================================================================
Received Import Request.
  Time since last request: 3.002192 seconds.
  path: Assets/Prefabs/Combo fabs/Combo1.prefab
  artifactKey: Guid(555c33b471747ef439e6c7c3e2174e17) Importer(815301076,1909f56bfc062723c751e8b465ee728b)
Start importing Assets/Prefabs/Combo fabs/Combo1.prefab using Guid(555c33b471747ef439e6c7c3e2174e17) Importer(815301076,1909f56bfc062723c751e8b465ee728b)  -> (artifact id: 'f38dd7398181d46104a83d6f5e1ab904') in 0.025134 seconds 
  Import took 0.029650 seconds .

========================================================================
Received Import Request.
  Time since last request: 2.396702 seconds.
  path: Assets/Prefabs/Combo fabs/Combo1.prefab
  artifactKey: Guid(555c33b471747ef439e6c7c3e2174e17) Importer(815301076,1909f56bfc062723c751e8b465ee728b)
Start importing Assets/Prefabs/Combo fabs/Combo1.prefab using Guid(555c33b471747ef439e6c7c3e2174e17) Importer(815301076,1909f56bfc062723c751e8b465ee728b)  -> (artifact id: '7ac5afbc943e80b82591fd7b14882407') in 0.023606 seconds 
  Import took 0.028068 seconds .

========================================================================
Received Import Request.
  Time since last request: 7.434659 seconds.
  path: Assets/Prefabs/Combo fabs/Combo1.prefab
  artifactKey: Guid(555c33b471747ef439e6c7c3e2174e17) Importer(815301076,1909f56bfc062723c751e8b465ee728b)
Start importing Assets/Prefabs/Combo fabs/Combo1.prefab using Guid(555c33b471747ef439e6c7c3e2174e17) Importer(815301076,1909f56bfc062723c751e8b465ee728b)  -> (artifact id: '4b2e4ac07fea3b2df4451b17484b5d10') in 0.019865 seconds 
  Import took 0.023558 seconds .

========================================================================
Received Import Request.
  Time since last request: 2.590981 seconds.
  path: Assets/Prefabs/Combo fabs/Combo1.prefab
  artifactKey: Guid(555c33b471747ef439e6c7c3e2174e17) Importer(815301076,1909f56bfc062723c751e8b465ee728b)
Start importing Assets/Prefabs/Combo fabs/Combo1.prefab using Guid(555c33b471747ef439e6c7c3e2174e17) Importer(815301076,1909f56bfc062723c751e8b465ee728b)  -> (artifact id: '5fc4787b4c33a7cc43b822357577c1c7') in 0.021582 seconds 
  Import took 0.026177 seconds .

========================================================================
Received Import Request.
  Time since last request: 6.036316 seconds.
  path: Assets/Prefabs/Combo fabs/Combo1.prefab
  artifactKey: Guid(555c33b471747ef439e6c7c3e2174e17) Importer(815301076,1909f56bfc062723c751e8b465ee728b)
Start importing Assets/Prefabs/Combo fabs/Combo1.prefab using Guid(555c33b471747ef439e6c7c3e2174e17) Importer(815301076,1909f56bfc062723c751e8b465ee728b)  -> (artifact id: 'de8b66ee6e6a4cb13507a43625081ec8') in 0.024555 seconds 
  Import took 0.028356 seconds .

========================================================================
Received Import Request.
  Time since last request: 28.632353 seconds.
  path: Assets/Prefabs/Combo fabs/Combo1.prefab
  artifactKey: Guid(555c33b471747ef439e6c7c3e2174e17) Importer(815301076,1909f56bfc062723c751e8b465ee728b)
Start importing Assets/Prefabs/Combo fabs/Combo1.prefab using Guid(555c33b471747ef439e6c7c3e2174e17) Importer(815301076,1909f56bfc062723c751e8b465ee728b)  -> (artifact id: '000afb696f6607600efa06e076d8e915') in 0.023342 seconds 
  Import took 0.027844 seconds .

========================================================================
Received Import Request.
  Time since last request: 3.184529 seconds.
  path: Assets/Prefabs/Combo fabs/Combo1.prefab
  artifactKey: Guid(555c33b471747ef439e6c7c3e2174e17) Importer(815301076,1909f56bfc062723c751e8b465ee728b)
Start importing Assets/Prefabs/Combo fabs/Combo1.prefab using Guid(555c33b471747ef439e6c7c3e2174e17) Importer(815301076,1909f56bfc062723c751e8b465ee728b)  -> (artifact id: 'd8cc62ab6899c5fc2c0afb395dc654aa') in 0.021510 seconds 
  Import took 0.027043 seconds .

========================================================================
Received Import Request.
  Time since last request: 6.248409 seconds.
  path: Assets/Prefabs/Combo fabs/Combo1.prefab
  artifactKey: Guid(555c33b471747ef439e6c7c3e2174e17) Importer(815301076,1909f56bfc062723c751e8b465ee728b)
Start importing Assets/Prefabs/Combo fabs/Combo1.prefab using Guid(555c33b471747ef439e6c7c3e2174e17) Importer(815301076,1909f56bfc062723c751e8b465ee728b)  -> (artifact id: 'a0c9f40b010a48994a310c985fde685b') in 0.021253 seconds 
  Import took 0.026499 seconds .

========================================================================
Received Import Request.
  Time since last request: 4.804414 seconds.
  path: Assets/Prefabs/Combo fabs/Combo1.prefab
  artifactKey: Guid(555c33b471747ef439e6c7c3e2174e17) Importer(815301076,1909f56bfc062723c751e8b465ee728b)
Start importing Assets/Prefabs/Combo fabs/Combo1.prefab using Guid(555c33b471747ef439e6c7c3e2174e17) Importer(815301076,1909f56bfc062723c751e8b465ee728b)  -> (artifact id: 'd521a5a1477e71d9da0773f1408137d7') in 0.023636 seconds 
  Import took 0.027714 seconds .

========================================================================
Received Import Request.
  Time since last request: 4.954047 seconds.
  path: Assets/Prefabs/Combo fabs/Combo1.prefab
  artifactKey: Guid(555c33b471747ef439e6c7c3e2174e17) Importer(815301076,1909f56bfc062723c751e8b465ee728b)
Start importing Assets/Prefabs/Combo fabs/Combo1.prefab using Guid(555c33b471747ef439e6c7c3e2174e17) Importer(815301076,1909f56bfc062723c751e8b465ee728b)  -> (artifact id: '5ab57626101e1b6cfbf6aa45dad45b0e') in 0.021451 seconds 
  Import took 0.026206 seconds .

========================================================================
Received Import Request.
  Time since last request: 6.209968 seconds.
  path: Assets/Prefabs/Combo fabs/Combo1.prefab
  artifactKey: Guid(555c33b471747ef439e6c7c3e2174e17) Importer(815301076,1909f56bfc062723c751e8b465ee728b)
Start importing Assets/Prefabs/Combo fabs/Combo1.prefab using Guid(555c33b471747ef439e6c7c3e2174e17) Importer(815301076,1909f56bfc062723c751e8b465ee728b)  -> (artifact id: '93bea9a65c4b554483336d7df1795f87') in 0.022784 seconds 
  Import took 0.026668 seconds .

========================================================================
Received Import Request.
  Time since last request: 4.222053 seconds.
  path: Assets/Prefabs/Combo fabs/Combo1.prefab
  artifactKey: Guid(555c33b471747ef439e6c7c3e2174e17) Importer(815301076,1909f56bfc062723c751e8b465ee728b)
Start importing Assets/Prefabs/Combo fabs/Combo1.prefab using Guid(555c33b471747ef439e6c7c3e2174e17) Importer(815301076,1909f56bfc062723c751e8b465ee728b)  -> (artifact id: '82121344ffa830f3e2d2df9c68b3a2ba') in 0.031625 seconds 
  Import took 0.038177 seconds .

========================================================================
Received Prepare
Registering precompiled user dll's ...
Registered in 0.005569 seconds.
Begin MonoManager ReloadAssembly
Native extension for WindowsStandalone target not found
Refreshing native plugins compatible for Editor in 0.45 ms, found 3 plugins.
Preloading 0 native plugins for Editor in 0.00 ms.
Mono: successfully reloaded assembly
- Completed reload, in  1.075 seconds
Domain Reload Profiling:
	ReloadAssembly (1076ms)
		BeginReloadAssembly (124ms)
			ExecutionOrderSort (0ms)
			DisableScriptedObjects (7ms)
			BackupInstance (0ms)
			ReleaseScriptingObjects (0ms)
			CreateAndSetChildDomain (36ms)
		EndReloadAssembly (887ms)
			LoadAssemblies (93ms)
			RebuildTransferFunctionScriptingTraits (0ms)
			SetupTypeCache (301ms)
			ReleaseScriptCaches (1ms)
			RebuildScriptCaches (57ms)
			SetupLoadedEditorAssemblies (319ms)
				LogAssemblyErrors (0ms)
				InitializePlatformSupportModulesInManaged (5ms)
				SetLoadedEditorAssemblies (0ms)
				RefreshPlugins (1ms)
				BeforeProcessingInitializeOnLoad (99ms)
				ProcessInitializeOnLoadAttributes (197ms)
				ProcessInitializeOnLoadMethodAttributes (10ms)
				AfterProcessingInitializeOnLoad (7ms)
				EditorAssembliesLoaded (0ms)
			ExecutionOrderSort2 (0ms)
			AwakeInstancesAfterBackupRestoration (8ms)
Platform modules already initialized, skipping
Switching build target platform(19) subTarget(0) extendedPlatform(0) -> platform(13) subTarget(537395200) extendedPlatform(0)
Refreshing native plugins compatible for Editor in 0.75 ms, found 3 plugins.
Preloading 0 native plugins for Editor in 0.00 ms.
Unloading 2189 Unused Serialized files (Serialized files now loaded: 0)
System memory in use before: 99.1 MB.
System memory in use after: 99.2 MB.

Unloading 17 unused Assets to reduce memory usage. Loaded Objects now: 2655.
Total: 2.243300 ms (FindLiveObjects: 0.204900 ms CreateObjectMapping: 0.086800 ms MarkObjects: 1.935500 ms  DeleteObjects: 0.015300 ms)

AssetImportParameters requested are different than current active one (requested -> active):
  custom:framework-win-MediaFoundation: 216162199b28c13a410421893ffa2e32 -> 
  custom:video-decoder-ogg-theora: a1e56fd34408186e4bbccfd4996cb3dc -> 
  custom:container-muxer-webm: aa71ff27fc2769a1b78a27578f13a17b -> 
  custom:container-demuxer-webm: 4f35f7cbe854078d1ac9338744f61a02 -> 
  custom:container-demuxer-ogg: 62fdf1f143b41e24485cea50d1cbac27 -> 
  custom:video-encoder-webm-vp8: eb34c28f22e8b96e1ab97ce403110664 -> 
  custom:video-codec-MediaFoundation-h265: 746d11721c4dcdbdad8f713fa42b33f4 -> 
  custom:video-decoder-webm-vp8: 9c59270c3fd7afecdb556c50c9e8de78 -> 
  custom:graphics/normal-map-encoding: 01000000000000000000000000000000 -> 02000000000000000000000000000000
  custom:audio-decoder-ogg-vorbis: bf7c407c2cedff20999df2af8eb42d56 -> 
  custom:audio-encoder-webm-vorbis: bf7c407c2cedff20999df2af8eb42d56 -> 
========================================================================
Received Prepare
Registering precompiled user dll's ...
Registered in 0.006147 seconds.
Begin MonoManager ReloadAssembly
Native extension for WindowsStandalone target not found
Refreshing native plugins compatible for Editor in 0.52 ms, found 3 plugins.
Preloading 0 native plugins for Editor in 0.00 ms.
Mono: successfully reloaded assembly
- Completed reload, in  1.345 seconds
Domain Reload Profiling:
	ReloadAssembly (1346ms)
		BeginReloadAssembly (148ms)
			ExecutionOrderSort (0ms)
			DisableScriptedObjects (7ms)
			BackupInstance (0ms)
			ReleaseScriptingObjects (0ms)
			CreateAndSetChildDomain (41ms)
		EndReloadAssembly (1114ms)
			LoadAssemblies (128ms)
			RebuildTransferFunctionScriptingTraits (0ms)
			SetupTypeCache (369ms)
			ReleaseScriptCaches (1ms)
			RebuildScriptCaches (58ms)
			SetupLoadedEditorAssemblies (410ms)
				LogAssemblyErrors (0ms)
				InitializePlatformSupportModulesInManaged (6ms)
				SetLoadedEditorAssemblies (1ms)
				RefreshPlugins (1ms)
				BeforeProcessingInitializeOnLoad (122ms)
				ProcessInitializeOnLoadAttributes (258ms)
				ProcessInitializeOnLoadMethodAttributes (13ms)
				AfterProcessingInitializeOnLoad (10ms)
				EditorAssembliesLoaded (0ms)
			ExecutionOrderSort2 (0ms)
			AwakeInstancesAfterBackupRestoration (11ms)
Platform modules already initialized, skipping
Switching build target platform(19) subTarget(0) extendedPlatform(0) -> platform(13) subTarget(537395200) extendedPlatform(0)
Refreshing native plugins compatible for Editor in 0.51 ms, found 3 plugins.
Preloading 0 native plugins for Editor in 0.00 ms.
Unloading 2189 Unused Serialized files (Serialized files now loaded: 0)
System memory in use before: 99.1 MB.
System memory in use after: 99.2 MB.

Unloading 17 unused Assets to reduce memory usage. Loaded Objects now: 2657.
Total: 2.585300 ms (FindLiveObjects: 0.194400 ms CreateObjectMapping: 0.082000 ms MarkObjects: 2.292700 ms  DeleteObjects: 0.015400 ms)

AssetImportParameters requested are different than current active one (requested -> active):
  custom:framework-win-MediaFoundation: 216162199b28c13a410421893ffa2e32 -> 
  custom:video-decoder-ogg-theora: a1e56fd34408186e4bbccfd4996cb3dc -> 
  custom:container-muxer-webm: aa71ff27fc2769a1b78a27578f13a17b -> 
  custom:container-demuxer-webm: 4f35f7cbe854078d1ac9338744f61a02 -> 
  custom:container-demuxer-ogg: 62fdf1f143b41e24485cea50d1cbac27 -> 
  custom:video-encoder-webm-vp8: eb34c28f22e8b96e1ab97ce403110664 -> 
  custom:video-codec-MediaFoundation-h265: 746d11721c4dcdbdad8f713fa42b33f4 -> 
  custom:video-decoder-webm-vp8: 9c59270c3fd7afecdb556c50c9e8de78 -> 
  custom:graphics/normal-map-encoding: 01000000000000000000000000000000 -> 02000000000000000000000000000000
  custom:audio-decoder-ogg-vorbis: bf7c407c2cedff20999df2af8eb42d56 -> 
  custom:audio-encoder-webm-vorbis: bf7c407c2cedff20999df2af8eb42d56 -> 
========================================================================
Received Import Request.
  Time since last request: 143.320425 seconds.
  path: Assets/Prefabs/Combo fabs/Combo1.prefab
  artifactKey: Guid(555c33b471747ef439e6c7c3e2174e17) Importer(815301076,1909f56bfc062723c751e8b465ee728b)
Start importing Assets/Prefabs/Combo fabs/Combo1.prefab using Guid(555c33b471747ef439e6c7c3e2174e17) Importer(815301076,1909f56bfc062723c751e8b465ee728b)  -> (artifact id: '6d9c78f69efa1ce675f5f4c55cee961c') in 0.070788 seconds 
  Import took 0.076865 seconds .

========================================================================
Received Import Request.
  Time since last request: 2.561500 seconds.
  path: Assets/Prefabs/Combo fabs/Combo1.prefab
  artifactKey: Guid(555c33b471747ef439e6c7c3e2174e17) Importer(815301076,1909f56bfc062723c751e8b465ee728b)
Start importing Assets/Prefabs/Combo fabs/Combo1.prefab using Guid(555c33b471747ef439e6c7c3e2174e17) Importer(815301076,1909f56bfc062723c751e8b465ee728b)  -> (artifact id: 'c1f83f887f9a60b9c1e5443a838de776') in 0.018045 seconds 
  Import took 0.024527 seconds .

========================================================================
Received Import Request.
  Time since last request: 2.617292 seconds.
  path: Assets/Prefabs/Combo fabs/Combo1.prefab
  artifactKey: Guid(555c33b471747ef439e6c7c3e2174e17) Importer(815301076,1909f56bfc062723c751e8b465ee728b)
Start importing Assets/Prefabs/Combo fabs/Combo1.prefab using Guid(555c33b471747ef439e6c7c3e2174e17) Importer(815301076,1909f56bfc062723c751e8b465ee728b)  -> (artifact id: 'f755ccab4140ccd99e089b0825154ed8') in 0.021837 seconds 
  Import took 0.026731 seconds .

========================================================================
Received Import Request.
  Time since last request: 1.823741 seconds.
  path: Assets/Prefabs/Combo fabs/Combo1.prefab
  artifactKey: Guid(555c33b471747ef439e6c7c3e2174e17) Importer(815301076,1909f56bfc062723c751e8b465ee728b)
Start importing Assets/Prefabs/Combo fabs/Combo1.prefab using Guid(555c33b471747ef439e6c7c3e2174e17) Importer(815301076,1909f56bfc062723c751e8b465ee728b)  -> (artifact id: '9a6e20837673f1c03e6687205edfba73') in 0.020376 seconds 
  Import took 0.025137 seconds .

========================================================================
Received Import Request.
  Time since last request: 3.392836 seconds.
  path: Assets/Prefabs/Combo fabs/Combo1.prefab
  artifactKey: Guid(555c33b471747ef439e6c7c3e2174e17) Importer(815301076,1909f56bfc062723c751e8b465ee728b)
Start importing Assets/Prefabs/Combo fabs/Combo1.prefab using Guid(555c33b471747ef439e6c7c3e2174e17) Importer(815301076,1909f56bfc062723c751e8b465ee728b)  -> (artifact id: 'da0dda13cab993ba56c8858ea981a69b') in 0.022492 seconds 
  Import took 0.027527 seconds .

========================================================================
Received Import Request.
  Time since last request: 2.175694 seconds.
  path: Assets/Prefabs/Combo fabs/Combo1.prefab
  artifactKey: Guid(555c33b471747ef439e6c7c3e2174e17) Importer(815301076,1909f56bfc062723c751e8b465ee728b)
Start importing Assets/Prefabs/Combo fabs/Combo1.prefab using Guid(555c33b471747ef439e6c7c3e2174e17) Importer(815301076,1909f56bfc062723c751e8b465ee728b)  -> (artifact id: '2d9339397eacdf8f57f7102579e465e1') in 0.018051 seconds 
  Import took 0.024276 seconds .

========================================================================
Received Import Request.
  Time since last request: 3.406875 seconds.
  path: Assets/Prefabs/Combo fabs/Combo1.prefab
  artifactKey: Guid(555c33b471747ef439e6c7c3e2174e17) Importer(815301076,1909f56bfc062723c751e8b465ee728b)
Start importing Assets/Prefabs/Combo fabs/Combo1.prefab using Guid(555c33b471747ef439e6c7c3e2174e17) Importer(815301076,1909f56bfc062723c751e8b465ee728b)  -> (artifact id: '9d756496d60584e26a1e7d288b3467d0') in 0.022096 seconds 
  Import took 0.027940 seconds .

========================================================================
Received Import Request.
  Time since last request: 65.343318 seconds.
  path: Assets/Prefabs/Combo fabs/Combo6.prefab
  artifactKey: Guid(4df766b9373ce824aba8bc7286644c8f) Importer(815301076,1909f56bfc062723c751e8b465ee728b)
Start importing Assets/Prefabs/Combo fabs/Combo6.prefab using Guid(4df766b9373ce824aba8bc7286644c8f) Importer(815301076,1909f56bfc062723c751e8b465ee728b)  -> (artifact id: '690752ffa702e806b1237aa346440cae') in 0.019913 seconds 
  Import took 0.026516 seconds .

========================================================================
Received Import Request.
  Time since last request: 2.589415 seconds.
  path: Assets/Prefabs/Combo fabs/Combo6.prefab
  artifactKey: Guid(4df766b9373ce824aba8bc7286644c8f) Importer(815301076,1909f56bfc062723c751e8b465ee728b)
Start importing Assets/Prefabs/Combo fabs/Combo6.prefab using Guid(4df766b9373ce824aba8bc7286644c8f) Importer(815301076,1909f56bfc062723c751e8b465ee728b)  -> (artifact id: '253ce9d88a1caa082a63e6dd1d417460') in 0.027001 seconds 
  Import took 0.031986 seconds .

========================================================================
Received Prepare
Registering precompiled user dll's ...
Registered in 0.011945 seconds.
Begin MonoManager ReloadAssembly
Native extension for WindowsStandalone target not found
Refreshing native plugins compatible for Editor in 0.50 ms, found 3 plugins.
Preloading 0 native plugins for Editor in 0.00 ms.
Mono: successfully reloaded assembly
- Completed reload, in  1.239 seconds
Domain Reload Profiling:
	ReloadAssembly (1239ms)
		BeginReloadAssembly (131ms)
			ExecutionOrderSort (0ms)
			DisableScriptedObjects (8ms)
			BackupInstance (0ms)
			ReleaseScriptingObjects (0ms)
			CreateAndSetChildDomain (40ms)
		EndReloadAssembly (1041ms)
			LoadAssemblies (105ms)
			RebuildTransferFunctionScriptingTraits (0ms)
			SetupTypeCache (351ms)
			ReleaseScriptCaches (1ms)
			RebuildScriptCaches (51ms)
			SetupLoadedEditorAssemblies (374ms)
				LogAssemblyErrors (0ms)
				InitializePlatformSupportModulesInManaged (5ms)
				SetLoadedEditorAssemblies (0ms)
				RefreshPlugins (1ms)
				BeforeProcessingInitializeOnLoad (113ms)
				ProcessInitializeOnLoadAttributes (234ms)
				ProcessInitializeOnLoadMethodAttributes (11ms)
				AfterProcessingInitializeOnLoad (9ms)
				EditorAssembliesLoaded (0ms)
			ExecutionOrderSort2 (0ms)
			AwakeInstancesAfterBackupRestoration (9ms)
Platform modules already initialized, skipping
Switching build target platform(19) subTarget(0) extendedPlatform(0) -> platform(13) subTarget(537395200) extendedPlatform(0)
Refreshing native plugins compatible for Editor in 0.56 ms, found 3 plugins.
Preloading 0 native plugins for Editor in 0.00 ms.
Unloading 2189 Unused Serialized files (Serialized files now loaded: 0)
System memory in use before: 99.1 MB.
System memory in use after: 99.3 MB.

Unloading 17 unused Assets to reduce memory usage. Loaded Objects now: 2660.
Total: 2.537600 ms (FindLiveObjects: 0.205600 ms CreateObjectMapping: 0.073400 ms MarkObjects: 2.237200 ms  DeleteObjects: 0.020300 ms)

AssetImportParameters requested are different than current active one (requested -> active):
  custom:framework-win-MediaFoundation: 216162199b28c13a410421893ffa2e32 -> 
  custom:video-decoder-ogg-theora: a1e56fd34408186e4bbccfd4996cb3dc -> 
  custom:container-muxer-webm: aa71ff27fc2769a1b78a27578f13a17b -> 
  custom:container-demuxer-webm: 4f35f7cbe854078d1ac9338744f61a02 -> 
  custom:container-demuxer-ogg: 62fdf1f143b41e24485cea50d1cbac27 -> 
  custom:video-encoder-webm-vp8: eb34c28f22e8b96e1ab97ce403110664 -> 
  custom:video-codec-MediaFoundation-h265: 746d11721c4dcdbdad8f713fa42b33f4 -> 
  custom:video-decoder-webm-vp8: 9c59270c3fd7afecdb556c50c9e8de78 -> 
  custom:graphics/normal-map-encoding: 01000000000000000000000000000000 -> 02000000000000000000000000000000
  custom:audio-decoder-ogg-vorbis: bf7c407c2cedff20999df2af8eb42d56 -> 
  custom:audio-encoder-webm-vorbis: bf7c407c2cedff20999df2af8eb42d56 -> 
========================================================================
Received Import Request.
  Time since last request: 712.679200 seconds.
  path: Assets/Prefabs/Combo fabs/Combo7.prefab
  artifactKey: Guid(7e75a14735598a645b5a15bf9f57b068) Importer(815301076,1909f56bfc062723c751e8b465ee728b)
Start importing Assets/Prefabs/Combo fabs/Combo7.prefab using Guid(7e75a14735598a645b5a15bf9f57b068) Importer(815301076,1909f56bfc062723c751e8b465ee728b)  -> (artifact id: '833852d1cb19618efe858b284fc84d7f') in 0.072903 seconds 
  Import took 0.078539 seconds .

========================================================================
Received Prepare
Registering precompiled user dll's ...
Registered in 0.006512 seconds.
Begin MonoManager ReloadAssembly
Native extension for WindowsStandalone target not found
Refreshing native plugins compatible for Editor in 0.46 ms, found 3 plugins.
Preloading 0 native plugins for Editor in 0.00 ms.
Mono: successfully reloaded assembly
- Completed reload, in  1.042 seconds
Domain Reload Profiling:
	ReloadAssembly (1042ms)
		BeginReloadAssembly (113ms)
			ExecutionOrderSort (0ms)
			DisableScriptedObjects (7ms)
			BackupInstance (0ms)
			ReleaseScriptingObjects (0ms)
			CreateAndSetChildDomain (33ms)
		EndReloadAssembly (867ms)
			LoadAssemblies (88ms)
			RebuildTransferFunctionScriptingTraits (0ms)
			SetupTypeCache (287ms)
			ReleaseScriptCaches (1ms)
			RebuildScriptCaches (44ms)
			SetupLoadedEditorAssemblies (303ms)
				LogAssemblyErrors (0ms)
				InitializePlatformSupportModulesInManaged (5ms)
				SetLoadedEditorAssemblies (0ms)
				RefreshPlugins (1ms)
				BeforeProcessingInitializeOnLoad (92ms)
				ProcessInitializeOnLoadAttributes (187ms)
				ProcessInitializeOnLoadMethodAttributes (10ms)
				AfterProcessingInitializeOnLoad (7ms)
				EditorAssembliesLoaded (0ms)
			ExecutionOrderSort2 (0ms)
			AwakeInstancesAfterBackupRestoration (8ms)
Platform modules already initialized, skipping
Switching build target platform(19) subTarget(0) extendedPlatform(0) -> platform(13) subTarget(537395200) extendedPlatform(0)
Refreshing native plugins compatible for Editor in 0.48 ms, found 3 plugins.
Preloading 0 native plugins for Editor in 0.00 ms.
Unloading 2189 Unused Serialized files (Serialized files now loaded: 0)
System memory in use before: 99.2 MB.
System memory in use after: 99.3 MB.

Unloading 17 unused Assets to reduce memory usage. Loaded Objects now: 2663.
Total: 2.454500 ms (FindLiveObjects: 0.190800 ms CreateObjectMapping: 0.064300 ms MarkObjects: 2.183300 ms  DeleteObjects: 0.015200 ms)

AssetImportParameters requested are different than current active one (requested -> active):
  custom:framework-win-MediaFoundation: 216162199b28c13a410421893ffa2e32 -> 
  custom:video-decoder-ogg-theora: a1e56fd34408186e4bbccfd4996cb3dc -> 
  custom:container-muxer-webm: aa71ff27fc2769a1b78a27578f13a17b -> 
  custom:container-demuxer-webm: 4f35f7cbe854078d1ac9338744f61a02 -> 
  custom:container-demuxer-ogg: 62fdf1f143b41e24485cea50d1cbac27 -> 
  custom:video-encoder-webm-vp8: eb34c28f22e8b96e1ab97ce403110664 -> 
  custom:video-codec-MediaFoundation-h265: 746d11721c4dcdbdad8f713fa42b33f4 -> 
  custom:video-decoder-webm-vp8: 9c59270c3fd7afecdb556c50c9e8de78 -> 
  custom:graphics/normal-map-encoding: 01000000000000000000000000000000 -> 02000000000000000000000000000000
  custom:audio-decoder-ogg-vorbis: bf7c407c2cedff20999df2af8eb42d56 -> 
  custom:audio-encoder-webm-vorbis: bf7c407c2cedff20999df2af8eb42d56 -> 
========================================================================
Received Prepare
Registering precompiled user dll's ...
Registered in 0.008032 seconds.
Begin MonoManager ReloadAssembly
Native extension for WindowsStandalone target not found
Refreshing native plugins compatible for Editor in 0.60 ms, found 3 plugins.
Preloading 0 native plugins for Editor in 0.00 ms.
Mono: successfully reloaded assembly
- Completed reload, in  1.583 seconds
Domain Reload Profiling:
	ReloadAssembly (1584ms)
		BeginReloadAssembly (164ms)
			ExecutionOrderSort (0ms)
			DisableScriptedObjects (8ms)
			BackupInstance (0ms)
			ReleaseScriptingObjects (0ms)
			CreateAndSetChildDomain (56ms)
		EndReloadAssembly (1330ms)
			LoadAssemblies (145ms)
			RebuildTransferFunctionScriptingTraits (0ms)
			SetupTypeCache (450ms)
			ReleaseScriptCaches (2ms)
			RebuildScriptCaches (71ms)
			SetupLoadedEditorAssemblies (455ms)
				LogAssemblyErrors (0ms)
				InitializePlatformSupportModulesInManaged (8ms)
				SetLoadedEditorAssemblies (1ms)
				RefreshPlugins (1ms)
				BeforeProcessingInitializeOnLoad (147ms)
				ProcessInitializeOnLoadAttributes (269ms)
				ProcessInitializeOnLoadMethodAttributes (18ms)
				AfterProcessingInitializeOnLoad (10ms)
				EditorAssembliesLoaded (1ms)
			ExecutionOrderSort2 (0ms)
			AwakeInstancesAfterBackupRestoration (12ms)
Platform modules already initialized, skipping
Switching build target platform(19) subTarget(0) extendedPlatform(0) -> platform(13) subTarget(537395200) extendedPlatform(0)
Refreshing native plugins compatible for Editor in 1.15 ms, found 3 plugins.
Preloading 0 native plugins for Editor in 0.00 ms.
Unloading 2189 Unused Serialized files (Serialized files now loaded: 0)
System memory in use before: 99.2 MB.
System memory in use after: 99.3 MB.

Unloading 17 unused Assets to reduce memory usage. Loaded Objects now: 2665.
Total: 3.629500 ms (FindLiveObjects: 0.232900 ms CreateObjectMapping: 0.132400 ms MarkObjects: 3.232900 ms  DeleteObjects: 0.030100 ms)

AssetImportParameters requested are different than current active one (requested -> active):
  custom:framework-win-MediaFoundation: 216162199b28c13a410421893ffa2e32 -> 
  custom:video-decoder-ogg-theora: a1e56fd34408186e4bbccfd4996cb3dc -> 
  custom:container-muxer-webm: aa71ff27fc2769a1b78a27578f13a17b -> 
  custom:container-demuxer-webm: 4f35f7cbe854078d1ac9338744f61a02 -> 
  custom:container-demuxer-ogg: 62fdf1f143b41e24485cea50d1cbac27 -> 
  custom:video-encoder-webm-vp8: eb34c28f22e8b96e1ab97ce403110664 -> 
  custom:video-codec-MediaFoundation-h265: 746d11721c4dcdbdad8f713fa42b33f4 -> 
  custom:video-decoder-webm-vp8: 9c59270c3fd7afecdb556c50c9e8de78 -> 
  custom:graphics/normal-map-encoding: 01000000000000000000000000000000 -> 02000000000000000000000000000000
  custom:audio-decoder-ogg-vorbis: bf7c407c2cedff20999df2af8eb42d56 -> 
  custom:audio-encoder-webm-vorbis: bf7c407c2cedff20999df2af8eb42d56 -> 
========================================================================
Received Import Request.
  Time since last request: 527.596568 seconds.
  path: Assets/Prefabs/Combo fabs/Combo8.prefab
  artifactKey: Guid(acf9f111117b90c489ea15d53638ee0e) Importer(815301076,1909f56bfc062723c751e8b465ee728b)
Start importing Assets/Prefabs/Combo fabs/Combo8.prefab using Guid(acf9f111117b90c489ea15d53638ee0e) Importer(815301076,1909f56bfc062723c751e8b465ee728b)  -> (artifact id: 'c78c4b59761ba00fd4fec5b265ad119d') in 0.067921 seconds 
  Import took 0.072940 seconds .

========================================================================
Received Prepare
Registering precompiled user dll's ...
Registered in 0.006629 seconds.
Begin MonoManager ReloadAssembly
Native extension for WindowsStandalone target not found
Refreshing native plugins compatible for Editor in 0.54 ms, found 3 plugins.
Preloading 0 native plugins for Editor in 0.00 ms.
Mono: successfully reloaded assembly
- Completed reload, in  1.413 seconds
Domain Reload Profiling:
	ReloadAssembly (1413ms)
		BeginReloadAssembly (187ms)
			ExecutionOrderSort (0ms)
			DisableScriptedObjects (9ms)
			BackupInstance (0ms)
			ReleaseScriptingObjects (0ms)
			CreateAndSetChildDomain (51ms)
		EndReloadAssembly (1131ms)
			LoadAssemblies (145ms)
			RebuildTransferFunctionScriptingTraits (0ms)
			SetupTypeCache (353ms)
			ReleaseScriptCaches (1ms)
			RebuildScriptCaches (57ms)
			SetupLoadedEditorAssemblies (412ms)
				LogAssemblyErrors (0ms)
				InitializePlatformSupportModulesInManaged (6ms)
				SetLoadedEditorAssemblies (1ms)
				RefreshPlugins (1ms)
				BeforeProcessingInitializeOnLoad (120ms)
				ProcessInitializeOnLoadAttributes (259ms)
				ProcessInitializeOnLoadMethodAttributes (14ms)
				AfterProcessingInitializeOnLoad (10ms)
				EditorAssembliesLoaded (0ms)
			ExecutionOrderSort2 (0ms)
			AwakeInstancesAfterBackupRestoration (13ms)
Platform modules already initialized, skipping
Switching build target platform(19) subTarget(0) extendedPlatform(0) -> platform(13) subTarget(537395200) extendedPlatform(0)
Refreshing native plugins compatible for Editor in 0.52 ms, found 3 plugins.
Preloading 0 native plugins for Editor in 0.00 ms.
Unloading 2189 Unused Serialized files (Serialized files now loaded: 0)
System memory in use before: 99.2 MB.
System memory in use after: 99.3 MB.

Unloading 17 unused Assets to reduce memory usage. Loaded Objects now: 2668.
Total: 2.872200 ms (FindLiveObjects: 0.199500 ms CreateObjectMapping: 0.092800 ms MarkObjects: 2.558200 ms  DeleteObjects: 0.020600 ms)

AssetImportParameters requested are different than current active one (requested -> active):
  custom:framework-win-MediaFoundation: 216162199b28c13a410421893ffa2e32 -> 
  custom:video-decoder-ogg-theora: a1e56fd34408186e4bbccfd4996cb3dc -> 
  custom:container-muxer-webm: aa71ff27fc2769a1b78a27578f13a17b -> 
  custom:container-demuxer-webm: 4f35f7cbe854078d1ac9338744f61a02 -> 
  custom:container-demuxer-ogg: 62fdf1f143b41e24485cea50d1cbac27 -> 
  custom:video-encoder-webm-vp8: eb34c28f22e8b96e1ab97ce403110664 -> 
  custom:video-codec-MediaFoundation-h265: 746d11721c4dcdbdad8f713fa42b33f4 -> 
  custom:video-decoder-webm-vp8: 9c59270c3fd7afecdb556c50c9e8de78 -> 
  custom:graphics/normal-map-encoding: 01000000000000000000000000000000 -> 02000000000000000000000000000000
  custom:audio-decoder-ogg-vorbis: bf7c407c2cedff20999df2af8eb42d56 -> 
  custom:audio-encoder-webm-vorbis: bf7c407c2cedff20999df2af8eb42d56 -> 
========================================================================
Received Import Request.
  Time since last request: 583.344605 seconds.
  path: Assets/Prefabs/Combo fabs/Combo9.prefab
  artifactKey: Guid(cfae4254100cf0b4c8aeda8091324de6) Importer(815301076,1909f56bfc062723c751e8b465ee728b)
Start importing Assets/Prefabs/Combo fabs/Combo9.prefab using Guid(cfae4254100cf0b4c8aeda8091324de6) Importer(815301076,1909f56bfc062723c751e8b465ee728b)  -> (artifact id: '67003dde2a82d4f010aa369a8cb6e6fa') in 0.070122 seconds 
  Import took 0.077451 seconds .

========================================================================
Received Prepare
Registering precompiled user dll's ...
Registered in 0.007736 seconds.
Begin MonoManager ReloadAssembly
Native extension for WindowsStandalone target not found
Refreshing native plugins compatible for Editor in 0.46 ms, found 3 plugins.
Preloading 0 native plugins for Editor in 0.00 ms.
Mono: successfully reloaded assembly
- Completed reload, in  1.348 seconds
Domain Reload Profiling:
	ReloadAssembly (1349ms)
		BeginReloadAssembly (165ms)
			ExecutionOrderSort (0ms)
			DisableScriptedObjects (8ms)
			BackupInstance (0ms)
			ReleaseScriptingObjects (0ms)
			CreateAndSetChildDomain (48ms)
		EndReloadAssembly (1106ms)
			LoadAssemblies (121ms)
			RebuildTransferFunctionScriptingTraits (0ms)
			SetupTypeCache (350ms)
			ReleaseScriptCaches (1ms)
			RebuildScriptCaches (55ms)
			SetupLoadedEditorAssemblies (380ms)
				LogAssemblyErrors (0ms)
				InitializePlatformSupportModulesInManaged (5ms)
				SetLoadedEditorAssemblies (0ms)
				RefreshPlugins (1ms)
				BeforeProcessingInitializeOnLoad (119ms)
				ProcessInitializeOnLoadAttributes (234ms)
				ProcessInitializeOnLoadMethodAttributes (13ms)
				AfterProcessingInitializeOnLoad (9ms)
				EditorAssembliesLoaded (0ms)
			ExecutionOrderSort2 (0ms)
			AwakeInstancesAfterBackupRestoration (10ms)
Platform modules already initialized, skipping
Switching build target platform(19) subTarget(0) extendedPlatform(0) -> platform(13) subTarget(537395200) extendedPlatform(0)
Refreshing native plugins compatible for Editor in 0.52 ms, found 3 plugins.
Preloading 0 native plugins for Editor in 0.00 ms.
Unloading 2189 Unused Serialized files (Serialized files now loaded: 0)
System memory in use before: 99.2 MB.
System memory in use after: 99.3 MB.

Unloading 17 unused Assets to reduce memory usage. Loaded Objects now: 2671.
Total: 2.495000 ms (FindLiveObjects: 0.191600 ms CreateObjectMapping: 0.069600 ms MarkObjects: 2.217600 ms  DeleteObjects: 0.015300 ms)

AssetImportParameters requested are different than current active one (requested -> active):
  custom:framework-win-MediaFoundation: 216162199b28c13a410421893ffa2e32 -> 
  custom:video-decoder-ogg-theora: a1e56fd34408186e4bbccfd4996cb3dc -> 
  custom:container-muxer-webm: aa71ff27fc2769a1b78a27578f13a17b -> 
  custom:container-demuxer-webm: 4f35f7cbe854078d1ac9338744f61a02 -> 
  custom:container-demuxer-ogg: 62fdf1f143b41e24485cea50d1cbac27 -> 
  custom:video-encoder-webm-vp8: eb34c28f22e8b96e1ab97ce403110664 -> 
  custom:video-codec-MediaFoundation-h265: 746d11721c4dcdbdad8f713fa42b33f4 -> 
  custom:video-decoder-webm-vp8: 9c59270c3fd7afecdb556c50c9e8de78 -> 
  custom:graphics/normal-map-encoding: 01000000000000000000000000000000 -> 02000000000000000000000000000000
  custom:audio-decoder-ogg-vorbis: bf7c407c2cedff20999df2af8eb42d56 -> 
  custom:audio-encoder-webm-vorbis: bf7c407c2cedff20999df2af8eb42d56 -> 
========================================================================
Received Import Request.
  Time since last request: 85.230981 seconds.
  path: Assets/Prefabs/Combo fabs/Combo9.prefab
  artifactKey: Guid(cfae4254100cf0b4c8aeda8091324de6) Importer(815301076,1909f56bfc062723c751e8b465ee728b)
Start importing Assets/Prefabs/Combo fabs/Combo9.prefab using Guid(cfae4254100cf0b4c8aeda8091324de6) Importer(815301076,1909f56bfc062723c751e8b465ee728b)  -> (artifact id: '046480b0f5137dc0f17754f1b600ecc8') in 0.068238 seconds 
  Import took 0.073466 seconds .

========================================================================
Received Import Request.
  Time since last request: 138.715722 seconds.
  path: Assets/Prefabs/Combo fabs/Combo1.prefab
  artifactKey: Guid(555c33b471747ef439e6c7c3e2174e17) Importer(815301076,1909f56bfc062723c751e8b465ee728b)
Start importing Assets/Prefabs/Combo fabs/Combo1.prefab using Guid(555c33b471747ef439e6c7c3e2174e17) Importer(815301076,1909f56bfc062723c751e8b465ee728b)  -> (artifact id: '6ef16cefdfa95287802e71382965bf1e') in 0.023515 seconds 
  Import took 0.030321 seconds .

========================================================================
Received Import Request.
  Time since last request: 0.000510 seconds.
  path: Assets/Prefabs/Combo fabs/Combo2.prefab
  artifactKey: Guid(ea66d0c65f9aab94db1693fa2bee1f5a) Importer(815301076,1909f56bfc062723c751e8b465ee728b)
Start importing Assets/Prefabs/Combo fabs/Combo2.prefab using Guid(ea66d0c65f9aab94db1693fa2bee1f5a) Importer(815301076,1909f56bfc062723c751e8b465ee728b)  -> (artifact id: '6b6cabca6dee198d3b51dea44b24d050') in 0.022111 seconds 
  Import took 0.027642 seconds .

========================================================================
Received Import Request.
  Time since last request: 0.000373 seconds.
  path: Assets/Prefabs/Combo fabs/Combo4.prefab
  artifactKey: Guid(4750513df60805340947772cfa6a7c63) Importer(815301076,1909f56bfc062723c751e8b465ee728b)
Start importing Assets/Prefabs/Combo fabs/Combo4.prefab using Guid(4750513df60805340947772cfa6a7c63) Importer(815301076,1909f56bfc062723c751e8b465ee728b)  -> (artifact id: '7fc86cdc2df234bbf4c66024ef4187da') in 0.013402 seconds 
  Import took 0.018357 seconds .

========================================================================
Received Import Request.
  Time since last request: 0.000300 seconds.
  path: Assets/Prefabs/Combo fabs/Combo3.prefab
  artifactKey: Guid(b06d7fcf7c2f8884981570e248c63b0b) Importer(815301076,1909f56bfc062723c751e8b465ee728b)
Start importing Assets/Prefabs/Combo fabs/Combo3.prefab using Guid(b06d7fcf7c2f8884981570e248c63b0b) Importer(815301076,1909f56bfc062723c751e8b465ee728b)  -> (artifact id: '522ebf6055ead87ce49cd22b2e988b33') in 0.022283 seconds 
  Import took 0.028987 seconds .

========================================================================
Received Import Request.
  Time since last request: 39.225985 seconds.
  path: Assets/Prefabs/Combo fabs/Combo6.prefab
  artifactKey: Guid(4df766b9373ce824aba8bc7286644c8f) Importer(815301076,1909f56bfc062723c751e8b465ee728b)
Start importing Assets/Prefabs/Combo fabs/Combo6.prefab using Guid(4df766b9373ce824aba8bc7286644c8f) Importer(815301076,1909f56bfc062723c751e8b465ee728b)  -> (artifact id: 'fe9b92b3832ff2c3599c5da8c0f3fa8e') in 0.020623 seconds 
  Import took 0.027853 seconds .

========================================================================
Received Import Request.
  Time since last request: 6.113174 seconds.
  path: Assets/Prefabs/Combo fabs/Combo6.prefab
  artifactKey: Guid(4df766b9373ce824aba8bc7286644c8f) Importer(815301076,1909f56bfc062723c751e8b465ee728b)
Start importing Assets/Prefabs/Combo fabs/Combo6.prefab using Guid(4df766b9373ce824aba8bc7286644c8f) Importer(815301076,1909f56bfc062723c751e8b465ee728b)  -> (artifact id: '089bb3a5a0da6b8e3fe4792efc41b0cd') in 0.021482 seconds 
  Import took 0.027115 seconds .

========================================================================
Received Import Request.
  Time since last request: 6.260877 seconds.
  path: Assets/Prefabs/Combo fabs/Combo6.prefab
  artifactKey: Guid(4df766b9373ce824aba8bc7286644c8f) Importer(815301076,1909f56bfc062723c751e8b465ee728b)
Start importing Assets/Prefabs/Combo fabs/Combo6.prefab using Guid(4df766b9373ce824aba8bc7286644c8f) Importer(815301076,1909f56bfc062723c751e8b465ee728b)  -> (artifact id: 'c9092461438ef8404d4dc9e6d0240f2b') in 0.022193 seconds 
  Import took 0.027059 seconds .

========================================================================
Received Import Request.
  Time since last request: 15.618395 seconds.
  path: Assets/Prefabs/Combo fabs/Combo7.prefab
  artifactKey: Guid(7e75a14735598a645b5a15bf9f57b068) Importer(815301076,1909f56bfc062723c751e8b465ee728b)
Start importing Assets/Prefabs/Combo fabs/Combo7.prefab using Guid(7e75a14735598a645b5a15bf9f57b068) Importer(815301076,1909f56bfc062723c751e8b465ee728b)  -> (artifact id: '96d4f5c84fe9e27d1a737f24799c8449') in 0.026840 seconds 
  Import took 0.032087 seconds .

========================================================================
Received Import Request.
  Time since last request: 6.155287 seconds.
  path: Assets/Prefabs/Combo fabs/Combo7.prefab
  artifactKey: Guid(7e75a14735598a645b5a15bf9f57b068) Importer(815301076,1909f56bfc062723c751e8b465ee728b)
Start importing Assets/Prefabs/Combo fabs/Combo7.prefab using Guid(7e75a14735598a645b5a15bf9f57b068) Importer(815301076,1909f56bfc062723c751e8b465ee728b)  -> (artifact id: '97ed16006ef0fa8b8571132bb9c8f87e') in 0.022614 seconds 
  Import took 0.027612 seconds .

========================================================================
Received Import Request.
  Time since last request: 4.578388 seconds.
  path: Assets/Prefabs/Combo fabs/Combo7.prefab
  artifactKey: Guid(7e75a14735598a645b5a15bf9f57b068) Importer(815301076,1909f56bfc062723c751e8b465ee728b)
Start importing Assets/Prefabs/Combo fabs/Combo7.prefab using Guid(7e75a14735598a645b5a15bf9f57b068) Importer(815301076,1909f56bfc062723c751e8b465ee728b)  -> (artifact id: '38278bbd8d78ac0522eabebd55506540') in 0.021384 seconds 
  Import took 0.026835 seconds .

========================================================================
Received Import Request.
  Time since last request: 15.308200 seconds.
  path: Assets/Prefabs/Combo fabs/Combo8.prefab
  artifactKey: Guid(acf9f111117b90c489ea15d53638ee0e) Importer(815301076,1909f56bfc062723c751e8b465ee728b)
Start importing Assets/Prefabs/Combo fabs/Combo8.prefab using Guid(acf9f111117b90c489ea15d53638ee0e) Importer(815301076,1909f56bfc062723c751e8b465ee728b)  -> (artifact id: '75f9f0f1e3e6d34c460bddcce907f3ef') in 0.023429 seconds 
  Import took 0.027586 seconds .

========================================================================
Received Import Request.
  Time since last request: 8.675323 seconds.
  path: Assets/Prefabs/Combo fabs/Combo8.prefab
  artifactKey: Guid(acf9f111117b90c489ea15d53638ee0e) Importer(815301076,1909f56bfc062723c751e8b465ee728b)
Start importing Assets/Prefabs/Combo fabs/Combo8.prefab using Guid(acf9f111117b90c489ea15d53638ee0e) Importer(815301076,1909f56bfc062723c751e8b465ee728b)  -> (artifact id: '39d50c0ed2cc830bbbf2763b9d0dd838') in 0.025057 seconds 
  Import took 0.029953 seconds .

========================================================================
Received Import Request.
  Time since last request: 6.362668 seconds.
  path: Assets/Prefabs/Combo fabs/Combo8.prefab
  artifactKey: Guid(acf9f111117b90c489ea15d53638ee0e) Importer(815301076,1909f56bfc062723c751e8b465ee728b)
Start importing Assets/Prefabs/Combo fabs/Combo8.prefab using Guid(acf9f111117b90c489ea15d53638ee0e) Importer(815301076,1909f56bfc062723c751e8b465ee728b)  -> (artifact id: '95dd20f56ae050e791cf0a91ab301feb') in 0.020757 seconds 
  Import took 0.025895 seconds .

========================================================================
Received Import Request.
  Time since last request: 4.800127 seconds.
  path: Assets/Prefabs/Combo fabs/Combo8.prefab
  artifactKey: Guid(acf9f111117b90c489ea15d53638ee0e) Importer(815301076,1909f56bfc062723c751e8b465ee728b)
Start importing Assets/Prefabs/Combo fabs/Combo8.prefab using Guid(acf9f111117b90c489ea15d53638ee0e) Importer(815301076,1909f56bfc062723c751e8b465ee728b)  -> (artifact id: '967c8ca773db5da995d8e31cfd140c47') in 0.021529 seconds 
  Import took 0.026013 seconds .

========================================================================
Received Import Request.
  Time since last request: 303.206446 seconds.
  path: Assets/Prefabs/Combo fabs/Combo10.prefab
  artifactKey: Guid(734747af9ed14f744af5fe135d9a0cc1) Importer(815301076,1909f56bfc062723c751e8b465ee728b)
Start importing Assets/Prefabs/Combo fabs/Combo10.prefab using Guid(734747af9ed14f744af5fe135d9a0cc1) Importer(815301076,1909f56bfc062723c751e8b465ee728b)  -> (artifact id: '9bffcda69efd1c5b19441975881dfc8d') in 0.027756 seconds 
  Import took 0.034264 seconds .

========================================================================
Received Import Request.
  Time since last request: 0.003734 seconds.
  path: Assets/Prefabs/Combo fabs/Combo10.prefab
  artifactKey: Guid(734747af9ed14f744af5fe135d9a0cc1) Importer(815301076,1909f56bfc062723c751e8b465ee728b)
Start importing Assets/Prefabs/Combo fabs/Combo10.prefab using Guid(734747af9ed14f744af5fe135d9a0cc1) Importer(815301076,1909f56bfc062723c751e8b465ee728b)  -> (artifact id: '9bffcda69efd1c5b19441975881dfc8d') in 0.019449 seconds 
  Import took 0.024509 seconds .

========================================================================
Received Import Request.
  Time since last request: 26.141041 seconds.
  path: Assets/Prefabs/Combo fabs/Combo10.prefab
  artifactKey: Guid(734747af9ed14f744af5fe135d9a0cc1) Importer(815301076,1909f56bfc062723c751e8b465ee728b)
Start importing Assets/Prefabs/Combo fabs/Combo10.prefab using Guid(734747af9ed14f744af5fe135d9a0cc1) Importer(815301076,1909f56bfc062723c751e8b465ee728b)  -> (artifact id: 'f1e4cb7b75d7bcf7510eb25d912c84e1') in 0.030550 seconds 
  Import took 0.034592 seconds .

========================================================================
Received Prepare
Registering precompiled user dll's ...
Registered in 0.007925 seconds.
Begin MonoManager ReloadAssembly
Native extension for WindowsStandalone target not found
Refreshing native plugins compatible for Editor in 0.57 ms, found 3 plugins.
Preloading 0 native plugins for Editor in 0.00 ms.
Mono: successfully reloaded assembly
- Completed reload, in  1.372 seconds
Domain Reload Profiling:
	ReloadAssembly (1372ms)
		BeginReloadAssembly (158ms)
			ExecutionOrderSort (0ms)
			DisableScriptedObjects (9ms)
			BackupInstance (0ms)
			ReleaseScriptingObjects (0ms)
			CreateAndSetChildDomain (45ms)
		EndReloadAssembly (1136ms)
			LoadAssemblies (115ms)
			RebuildTransferFunctionScriptingTraits (0ms)
			SetupTypeCache (363ms)
			ReleaseScriptCaches (1ms)
			RebuildScriptCaches (62ms)
			SetupLoadedEditorAssemblies (387ms)
				LogAssemblyErrors (0ms)
				InitializePlatformSupportModulesInManaged (6ms)
				SetLoadedEditorAssemblies (1ms)
				RefreshPlugins (1ms)
				BeforeProcessingInitializeOnLoad (116ms)
				ProcessInitializeOnLoadAttributes (240ms)
				ProcessInitializeOnLoadMethodAttributes (14ms)
				AfterProcessingInitializeOnLoad (10ms)
				EditorAssembliesLoaded (0ms)
			ExecutionOrderSort2 (0ms)
			AwakeInstancesAfterBackupRestoration (11ms)
Platform modules already initialized, skipping
Switching build target platform(19) subTarget(0) extendedPlatform(0) -> platform(13) subTarget(537395200) extendedPlatform(0)
Refreshing native plugins compatible for Editor in 0.55 ms, found 3 plugins.
Preloading 0 native plugins for Editor in 0.00 ms.
Unloading 2189 Unused Serialized files (Serialized files now loaded: 0)
System memory in use before: 99.3 MB.
System memory in use after: 99.4 MB.

Unloading 17 unused Assets to reduce memory usage. Loaded Objects now: 2674.
Total: 2.806700 ms (FindLiveObjects: 0.209600 ms CreateObjectMapping: 0.082600 ms MarkObjects: 2.495000 ms  DeleteObjects: 0.018700 ms)

AssetImportParameters requested are different than current active one (requested -> active):
  custom:framework-win-MediaFoundation: 216162199b28c13a410421893ffa2e32 -> 
  custom:video-decoder-ogg-theora: a1e56fd34408186e4bbccfd4996cb3dc -> 
  custom:container-muxer-webm: aa71ff27fc2769a1b78a27578f13a17b -> 
  custom:container-demuxer-webm: 4f35f7cbe854078d1ac9338744f61a02 -> 
  custom:container-demuxer-ogg: 62fdf1f143b41e24485cea50d1cbac27 -> 
  custom:video-encoder-webm-vp8: eb34c28f22e8b96e1ab97ce403110664 -> 
  custom:video-codec-MediaFoundation-h265: 746d11721c4dcdbdad8f713fa42b33f4 -> 
  custom:video-decoder-webm-vp8: 9c59270c3fd7afecdb556c50c9e8de78 -> 
  custom:graphics/normal-map-encoding: 01000000000000000000000000000000 -> 02000000000000000000000000000000
  custom:audio-decoder-ogg-vorbis: bf7c407c2cedff20999df2af8eb42d56 -> 
  custom:audio-encoder-webm-vorbis: bf7c407c2cedff20999df2af8eb42d56 -> 
========================================================================
Received Prepare
Registering precompiled user dll's ...
Registered in 0.006592 seconds.
Begin MonoManager ReloadAssembly
Native extension for WindowsStandalone target not found
Refreshing native plugins compatible for Editor in 0.53 ms, found 3 plugins.
Preloading 0 native plugins for Editor in 0.00 ms.
Mono: successfully reloaded assembly
- Completed reload, in  1.386 seconds
Domain Reload Profiling:
	ReloadAssembly (1387ms)
		BeginReloadAssembly (160ms)
			ExecutionOrderSort (0ms)
			DisableScriptedObjects (9ms)
			BackupInstance (0ms)
			ReleaseScriptingObjects (0ms)
			CreateAndSetChildDomain (52ms)
		EndReloadAssembly (1141ms)
			LoadAssemblies (118ms)
			RebuildTransferFunctionScriptingTraits (0ms)
			SetupTypeCache (360ms)
			ReleaseScriptCaches (1ms)
			RebuildScriptCaches (56ms)
			SetupLoadedEditorAssemblies (389ms)
				LogAssemblyErrors (0ms)
				InitializePlatformSupportModulesInManaged (5ms)
				SetLoadedEditorAssemblies (0ms)
				RefreshPlugins (1ms)
				BeforeProcessingInitializeOnLoad (119ms)
				ProcessInitializeOnLoadAttributes (240ms)
				ProcessInitializeOnLoadMethodAttributes (14ms)
				AfterProcessingInitializeOnLoad (10ms)
				EditorAssembliesLoaded (0ms)
			ExecutionOrderSort2 (0ms)
			AwakeInstancesAfterBackupRestoration (10ms)
Platform modules already initialized, skipping
Switching build target platform(19) subTarget(0) extendedPlatform(0) -> platform(13) subTarget(537395200) extendedPlatform(0)
Refreshing native plugins compatible for Editor in 0.69 ms, found 3 plugins.
Preloading 0 native plugins for Editor in 0.00 ms.
Unloading 2189 Unused Serialized files (Serialized files now loaded: 0)
System memory in use before: 99.3 MB.
System memory in use after: 99.4 MB.

Unloading 17 unused Assets to reduce memory usage. Loaded Objects now: 2676.
Total: 3.501100 ms (FindLiveObjects: 0.226700 ms CreateObjectMapping: 0.092000 ms MarkObjects: 3.160000 ms  DeleteObjects: 0.021500 ms)

AssetImportParameters requested are different than current active one (requested -> active):
  custom:framework-win-MediaFoundation: 216162199b28c13a410421893ffa2e32 -> 
  custom:video-decoder-ogg-theora: a1e56fd34408186e4bbccfd4996cb3dc -> 
  custom:container-muxer-webm: aa71ff27fc2769a1b78a27578f13a17b -> 
  custom:container-demuxer-webm: 4f35f7cbe854078d1ac9338744f61a02 -> 
  custom:container-demuxer-ogg: 62fdf1f143b41e24485cea50d1cbac27 -> 
  custom:video-encoder-webm-vp8: eb34c28f22e8b96e1ab97ce403110664 -> 
  custom:video-codec-MediaFoundation-h265: 746d11721c4dcdbdad8f713fa42b33f4 -> 
  custom:video-decoder-webm-vp8: 9c59270c3fd7afecdb556c50c9e8de78 -> 
  custom:graphics/normal-map-encoding: 01000000000000000000000000000000 -> 02000000000000000000000000000000
  custom:audio-decoder-ogg-vorbis: bf7c407c2cedff20999df2af8eb42d56 -> 
  custom:audio-encoder-webm-vorbis: bf7c407c2cedff20999df2af8eb42d56 -> 
